{"/Users/minhtu/Dev/Projects/2023-10/unit test/calculateTicketPrice.js": {"path":"/Users/minhtu/Dev/Projects/2023-10/unit test/calculateTicketPrice.js","statementMap":{"0":{"start":{"line":1,"column":15},"end":{"line":1,"column":39}},"1":{"start":{"line":7,"column":4},"end":{"line":7,"column":21}},"2":{"start":{"line":14,"column":4},"end":{"line":14,"column":26}},"3":{"start":{"line":16,"column":29},"end":{"line":62,"column":1}},"4":{"start":{"line":17,"column":2},"end":{"line":24,"column":4}},"5":{"start":{"line":27,"column":2},"end":{"line":34,"column":3}},"6":{"start":{"line":33,"column":4},"end":{"line":33,"column":26}},"7":{"start":{"line":36,"column":2},"end":{"line":36,"column":70}},"8":{"start":{"line":39,"column":2},"end":{"line":41,"column":3}},"9":{"start":{"line":40,"column":4},"end":{"line":40,"column":29}},"10":{"start":{"line":43,"column":2},"end":{"line":43,"column":78}},"11":{"start":{"line":44,"column":15},"end":{"line":44,"column":17}},"12":{"start":{"line":46,"column":17},"end":{"line":46,"column":66}},"13":{"start":{"line":47,"column":2},"end":{"line":56,"column":5}},"14":{"start":{"line":48,"column":4},"end":{"line":55,"column":8}},"15":{"start":{"line":58,"column":2},"end":{"line":58,"column":54}},"16":{"start":{"line":59,"column":2},"end":{"line":59,"column":22}},"17":{"start":{"line":60,"column":2},"end":{"line":60,"column":54}},"18":{"start":{"line":61,"column":2},"end":{"line":61,"column":19}},"19":{"start":{"line":72,"column":0},"end":{"line":72,"column":42}}},"fnMap":{"0":{"name":"(anonymous_0)","decl":{"start":{"line":16,"column":29},"end":{"line":16,"column":30}},"loc":{"start":{"line":16,"column":66},"end":{"line":62,"column":1}},"line":16},"1":{"name":"(anonymous_1)","decl":{"start":{"line":47,"column":13},"end":{"line":47,"column":14}},"loc":{"start":{"line":47,"column":31},"end":{"line":56,"column":3}},"line":47}},"branchMap":{"0":{"loc":{"start":{"line":27,"column":2},"end":{"line":34,"column":3}},"type":"if","locations":[{"start":{"line":27,"column":2},"end":{"line":34,"column":3}},{"start":{},"end":{}}],"line":27},"1":{"loc":{"start":{"line":28,"column":4},"end":{"line":31,"column":28}},"type":"binary-expr","locations":[{"start":{"line":28,"column":4},"end":{"line":28,"column":28}},{"start":{"line":29,"column":4},"end":{"line":29,"column":20}},{"start":{"line":30,"column":4},"end":{"line":30,"column":26}},{"start":{"line":31,"column":4},"end":{"line":31,"column":28}}],"line":28},"2":{"loc":{"start":{"line":39,"column":2},"end":{"line":41,"column":3}},"type":"if","locations":[{"start":{"line":39,"column":2},"end":{"line":41,"column":3}},{"start":{},"end":{}}],"line":39}},"s":{"0":1,"1":1,"2":1,"3":1,"4":8,"5":8,"6":5,"7":3,"8":3,"9":1,"10":2,"11":2,"12":2,"13":2,"14":3,"15":2,"16":2,"17":2,"18":2,"19":1},"f":{"0":8,"1":3},"b":{"0":[5,3],"1":[8,7,6,5],"2":[1,2]},"_coverageSchema":"1a1c01bbd47fc00a2c39e90264f33305004495a9","hash":"5222f4c1ac1c732ee0e5ea1603b65c07690b6dd0"}
,"/Users/minhtu/Dev/Projects/2023-10/unit test/constants.js": {"path":"/Users/minhtu/Dev/Projects/2023-10/unit test/constants.js","statementMap":{"0":{"start":{"line":1,"column":15},"end":{"line":5,"column":1}},"1":{"start":{"line":7,"column":20},"end":{"line":12,"column":1}},"2":{"start":{"line":14,"column":19},"end":{"line":18,"column":1}},"3":{"start":{"line":20,"column":14},"end":{"line":33,"column":1}},"4":{"start":{"line":35,"column":24},"end":{"line":40,"column":1}},"5":{"start":{"line":42,"column":0},"end":{"line":42,"column":77}}},"fnMap":{},"branchMap":{},"s":{"0":1,"1":1,"2":1,"3":1,"4":1,"5":1},"f":{},"b":{},"_coverageSchema":"1a1c01bbd47fc00a2c39e90264f33305004495a9","hash":"9b05d31544aa5b8fc7c9be80ec5215c1d31027b1"}
,"/Users/minhtu/Dev/Projects/2023-10/unit test/util.js": {"path":"/Users/minhtu/Dev/Projects/2023-10/unit test/util.js","statementMap":{"0":{"start":{"line":1,"column":15},"end":{"line":1,"column":39}},"1":{"start":{"line":2,"column":28},"end":{"line":2,"column":50}},"2":{"start":{"line":3,"column":23},"end":{"line":3,"column":41}},"3":{"start":{"line":4,"column":19},"end":{"line":4,"column":31}},"4":{"start":{"line":5,"column":19},"end":{"line":5,"column":26}},"5":{"start":{"line":7,"column":26},"end":{"line":9,"column":1}},"6":{"start":{"line":8,"column":2},"end":{"line":8,"column":64}},"7":{"start":{"line":11,"column":19},"end":{"line":16,"column":1}},"8":{"start":{"line":12,"column":30},"end":{"line":12,"column":68}},"9":{"start":{"line":13,"column":24},"end":{"line":13,"column":32}},"10":{"start":{"line":15,"column":2},"end":{"line":15,"column":53}},"11":{"start":{"line":18,"column":27},"end":{"line":37,"column":1}},"12":{"start":{"line":19,"column":14},"end":{"line":19,"column":19}},"13":{"start":{"line":21,"column":20},"end":{"line":21,"column":67}},"14":{"start":{"line":22,"column":26},"end":{"line":22,"column":61}},"15":{"start":{"line":24,"column":2},"end":{"line":24,"column":35}},"16":{"start":{"line":26,"column":2},"end":{"line":35,"column":3}},"17":{"start":{"line":27,"column":4},"end":{"line":27,"column":41}},"18":{"start":{"line":28,"column":22},"end":{"line":28,"column":77}},"19":{"start":{"line":29,"column":28},"end":{"line":29,"column":63}},"20":{"start":{"line":31,"column":4},"end":{"line":34,"column":5}},"21":{"start":{"line":32,"column":6},"end":{"line":32,"column":19}},"22":{"start":{"line":33,"column":6},"end":{"line":33,"column":12}},"23":{"start":{"line":36,"column":2},"end":{"line":36,"column":15}},"24":{"start":{"line":39,"column":22},"end":{"line":64,"column":1}},"25":{"start":{"line":40,"column":17},"end":{"line":40,"column":19}},"26":{"start":{"line":41,"column":20},"end":{"line":41,"column":67}},"27":{"start":{"line":42,"column":26},"end":{"line":42,"column":61}},"28":{"start":{"line":44,"column":2},"end":{"line":61,"column":3}},"29":{"start":{"line":45,"column":4},"end":{"line":45,"column":41}},"30":{"start":{"line":46,"column":22},"end":{"line":46,"column":77}},"31":{"start":{"line":47,"column":28},"end":{"line":47,"column":63}},"32":{"start":{"line":49,"column":4},"end":{"line":60,"column":5}},"33":{"start":{"line":51,"column":8},"end":{"line":51,"column":62}},"34":{"start":{"line":52,"column":6},"end":{"line":59,"column":9}},"35":{"start":{"line":63,"column":2},"end":{"line":63,"column":16}},"36":{"start":{"line":66,"column":0},"end":{"line":71,"column":2}}},"fnMap":{"0":{"name":"(anonymous_0)","decl":{"start":{"line":7,"column":26},"end":{"line":7,"column":27}},"loc":{"start":{"line":7,"column":46},"end":{"line":9,"column":1}},"line":7},"1":{"name":"(anonymous_1)","decl":{"start":{"line":11,"column":19},"end":{"line":11,"column":20}},"loc":{"start":{"line":11,"column":39},"end":{"line":16,"column":1}},"line":11},"2":{"name":"(anonymous_2)","decl":{"start":{"line":18,"column":27},"end":{"line":18,"column":28}},"loc":{"start":{"line":18,"column":47},"end":{"line":37,"column":1}},"line":18},"3":{"name":"(anonymous_3)","decl":{"start":{"line":39,"column":22},"end":{"line":39,"column":23}},"loc":{"start":{"line":39,"column":65},"end":{"line":64,"column":1}},"line":39}},"branchMap":{"0":{"loc":{"start":{"line":31,"column":4},"end":{"line":34,"column":5}},"type":"if","locations":[{"start":{"line":31,"column":4},"end":{"line":34,"column":5}},{"start":{},"end":{}}],"line":31},"1":{"loc":{"start":{"line":49,"column":4},"end":{"line":60,"column":5}},"type":"if","locations":[{"start":{"line":49,"column":4},"end":{"line":60,"column":5}},{"start":{},"end":{}}],"line":49}},"s":{"0":1,"1":1,"2":1,"3":1,"4":1,"5":1,"6":16,"7":1,"8":15,"9":15,"10":15,"11":1,"12":6,"13":6,"14":6,"15":6,"16":6,"17":10,"18":10,"19":10,"20":10,"21":4,"22":4,"23":6,"24":1,"25":4,"26":4,"27":4,"28":4,"29":8,"30":8,"31":8,"32":8,"33":6,"34":6,"35":4,"36":1},"f":{"0":16,"1":15,"2":6,"3":4},"b":{"0":[4,6],"1":[6,2]},"_coverageSchema":"1a1c01bbd47fc00a2c39e90264f33305004495a9","hash":"e821df78189da99d7b0e4472dab50f5923740081"}
}
