TN:
SF:calculateTicketPrice.js
FN:16,(anonymous_0)
FN:47,(anonymous_1)
FNF:2
FNH:2
FNDA:8,(anonymous_0)
FNDA:3,(anonymous_1)
DA:1,1
DA:7,1
DA:14,1
DA:16,1
DA:17,8
DA:27,8
DA:33,5
DA:36,3
DA:39,3
DA:40,1
DA:43,2
DA:44,2
DA:46,2
DA:47,2
DA:48,3
DA:58,2
DA:59,2
DA:60,2
DA:61,2
DA:72,1
LF:20
LH:20
BRDA:27,0,0,5
BRDA:27,0,1,3
BRDA:28,1,0,8
BRDA:28,1,1,7
BRDA:28,1,2,6
BRDA:28,1,3,5
BRDA:39,2,0,1
BRDA:39,2,1,2
BRF:8
BRH:8
end_of_record
TN:
SF:constants.js
FNF:0
FNH:0
DA:1,1
DA:7,1
DA:14,1
DA:20,1
DA:35,1
DA:42,1
LF:6
LH:6
BRF:0
BRH:0
end_of_record
TN:
SF:util.js
FN:7,(anonymous_0)
FN:11,(anonymous_1)
FN:18,(anonymous_2)
FN:39,(anonymous_3)
FNF:4
FNH:4
FNDA:16,(anonymous_0)
FNDA:15,(anonymous_1)
FNDA:6,(anonymous_2)
FNDA:4,(anonymous_3)
DA:1,1
DA:2,1
DA:3,1
DA:4,1
DA:5,1
DA:7,1
DA:8,16
DA:11,1
DA:12,15
DA:13,15
DA:15,15
DA:18,1
DA:19,6
DA:21,6
DA:22,6
DA:24,6
DA:26,6
DA:27,10
DA:28,10
DA:29,10
DA:31,10
DA:32,4
DA:33,4
DA:36,6
DA:39,1
DA:40,4
DA:41,4
DA:42,4
DA:44,4
DA:45,8
DA:46,8
DA:47,8
DA:49,8
DA:51,6
DA:52,6
DA:63,4
DA:66,1
LF:37
LH:37
BRDA:31,0,0,4
BRDA:31,0,1,6
BRDA:49,1,0,6
BRDA:49,1,1,2
BRF:4
BRH:4
end_of_record
